[debug] [2020-05-15T15:03:23.739Z] ----------------------------------------------------------------------
[debug] [2020-05-15T15:03:23.741Z] Command:       C:\Program Files\nodejs\node.exe C:\Users\dungnguyen\AppData\Roaming\npm\node_modules\firebase-tools\lib\bin\firebase.js deploy
[debug] [2020-05-15T15:03:23.741Z] CLI Version:   8.2.0
[debug] [2020-05-15T15:03:23.741Z] Platform:      win32
[debug] [2020-05-15T15:03:23.741Z] Node Version:  v12.16.3
[debug] [2020-05-15T15:03:23.742Z] Time:          Fri May 15 2020 10:03:23 GMT-0500 (Central Daylight Time)
[debug] [2020-05-15T15:03:23.742Z] ----------------------------------------------------------------------
[debug] [2020-05-15T15:03:23.742Z] 
[debug] [2020-05-15T15:03:23.748Z] > command requires scopes: ["email","openid","https://www.googleapis.com/auth/cloudplatformprojects.readonly","https://www.googleapis.com/auth/firebase","https://www.googleapis.com/auth/cloud-platform"]
[debug] [2020-05-15T15:03:23.748Z] > authorizing via signed-in user
[debug] [2020-05-15T15:03:23.748Z] [iam] checking project reactprojectsample for permissions ["firebase.projects.get","firebasehosting.sites.update"]
[debug] [2020-05-15T15:03:23.750Z] >>> HTTP REQUEST POST https://cloudresourcemanager.googleapis.com/v1/projects/reactprojectsample:testIamPermissions  
 {"permissions":["firebase.projects.get","firebasehosting.sites.update"]}
[debug] [2020-05-15T15:03:25.456Z] <<< HTTP RESPONSE 200 {"content-type":"application/json; charset=UTF-8","vary":"X-Origin, Referer, Origin,Accept-Encoding","date":"Fri, 15 May 2020 15:03:21 GMT","server":"ESF","cache-control":"private","x-xss-protection":"0","x-frame-options":"SAMEORIGIN","x-content-type-options":"nosniff","server-timing":"gfet4t7; dur=130","alt-svc":"h3-27=\":443\"; ma=2592000,h3-25=\":443\"; ma=2592000,h3-T050=\":443\"; ma=2592000,h3-Q050=\":443\"; ma=2592000,h3-Q049=\":443\"; ma=2592000,h3-Q048=\":443\"; ma=2592000,h3-Q046=\":443\"; ma=2592000,h3-Q043=\":443\"; ma=2592000,quic=\":443\"; ma=2592000; v=\"46,43\"","accept-ranges":"none","transfer-encoding":"chunked"}
[debug] [2020-05-15T15:03:25.462Z] [iam] error while checking permissions, command may fail: FirebaseError: Authorization failed. This account is missing the following required permissions on project reactprojectsample:

  firebase.projects.get
  firebasehosting.sites.update
[debug] [2020-05-15T15:03:25.466Z] >>> HTTP REQUEST GET https://firebase.googleapis.com/v1beta1/projects/reactprojectsample  
 
[debug] [2020-05-15T15:03:26.721Z] <<< HTTP RESPONSE 403 {"vary":"X-Origin, Referer, Origin,Accept-Encoding","content-type":"application/json; charset=UTF-8","date":"Fri, 15 May 2020 15:03:22 GMT","server":"ESF","cache-control":"private","x-xss-protection":"0","x-frame-options":"SAMEORIGIN","x-content-type-options":"nosniff","alt-svc":"h3-27=\":443\"; ma=2592000,h3-25=\":443\"; ma=2592000,h3-T050=\":443\"; ma=2592000,h3-Q050=\":443\"; ma=2592000,h3-Q049=\":443\"; ma=2592000,h3-Q048=\":443\"; ma=2592000,h3-Q046=\":443\"; ma=2592000,h3-Q043=\":443\"; ma=2592000,quic=\":443\"; ma=2592000; v=\"46,43\"","accept-ranges":"none","transfer-encoding":"chunked"}
[debug] [2020-05-15T15:03:26.722Z] <<< HTTP RESPONSE BODY {"error":{"code":403,"message":"The caller does not have permission","status":"PERMISSION_DENIED"}}
[debug] [2020-05-15T15:03:26.727Z] HTTP Error: 403, The caller does not have permission
[debug] [2020-05-15T15:03:30.293Z] FirebaseError: HTTP Error: 403, The caller does not have permission
    at module.exports (C:\Users\dungnguyen\AppData\Roaming\npm\node_modules\firebase-tools\lib\responseToError.js:38:12)
    at Request._callback (C:\Users\dungnguyen\AppData\Roaming\npm\node_modules\firebase-tools\lib\api.js:41:35)
    at Request.self.callback (C:\Users\dungnguyen\AppData\Roaming\npm\node_modules\firebase-tools\node_modules\request\request.js:185:22)
    at Request.emit (events.js:310:20)
    at Request.EventEmitter.emit (domain.js:482:12)
    at Request.<anonymous> (C:\Users\dungnguyen\AppData\Roaming\npm\node_modules\firebase-tools\node_modules\request\request.js:1154:10)
    at Request.emit (events.js:310:20)
    at Request.EventEmitter.emit (domain.js:482:12)
    at IncomingMessage.<anonymous> (C:\Users\dungnguyen\AppData\Roaming\npm\node_modules\firebase-tools\node_modules\request\request.js:1076:12)
    at Object.onceWrapper (events.js:416:28)
    at IncomingMessage.emit (events.js:322:22)
    at IncomingMessage.EventEmitter.emit (domain.js:482:12)
    at endReadableNT (_stream_readable.js:1187:12)
    at processTicksAndRejections (internal/process/task_queues.js:84:21)
[error] 
[error] Error: Failed to get Firebase project reactprojectsample. Please make sure the project exists and your account has permission to access it.
